 Ncycle               :       100000
 Ninit                :         1000
 Linit                :  T
 Temp                 :    4.0000000000000000     
 Beta                 :   0.25000000000000000     
 Lambda               :    1.0000000000000000     
 Rcut                 :    2.0000000000000000     
 Alpha                :    1.0000000000000000     
 Deltax               :    5.0000000000000000     

 Generate Initial Coordinates


    0.57016331318300217390E+00
    0.82374015881214290857E+00
    0.27672171674203127623E+00
    0.76346008887048810720E+00
    0.99316399509552866220E+00
    0.77699833898805081844E-01
    0.43866406392771750689E+00
    0.32499899773392826319E+00
    0.78497205174062401056E+00
    0.56062059977557510138E+00

 Box                  :    15.000000000000000     
 Npart                :          100
 Rho                  :    2.9629629629629631E-002

 Initial Energy Box   :   -13.374354790516346     
 Initial dUdL         :    8.6173277228148581     
 Initial Virial       :    10.007893488454444     



 The Simulation Is Running.....


 Frac. Acc. Displ.    :   0.86706580000000000     

 Average Energy       :   -11.575122449334826     
 Average dUdL         :    30.893495415773959     
 Average Virial       :   -17.476964417274154     

 Energy               :    2.5458276527099679     
 Energy Sim.          :    2.5458276527089803     
 Diff                 :    9.8765440270653926E-013
 dUdL                 :    124.24081996227810     
 dUdL Sim.            :    124.24081996226266     
 Diff                 :    1.5432988220709376E-011
 Virial               :   -116.06601796226062     
 Virial Sim.          :   -116.06601796226664     
 Diff                 :    6.0254023992456496E-012

31.205u 0.012s 0:31.21 100.0%	0+0k 0+8512io 0pf+0w
