 Ncycle               :       100000
 Ninit                :         1000
 Linit                :  T
 Temp                 :    4.0000000000000000     
 Beta                 :   0.25000000000000000     
 Lambda               :    1.0000000000000000     
 Rcut                 :    2.0000000000000000     
 Alpha                :    1.0000000000000000     
 Deltax               :    5.0000000000000000     

 Generate Initial Coordinates


    0.89395630068611353636E+00
    0.92220786062534898520E+00
    0.82148616330232471228E+00
    0.41600883298087865114E+00
    0.95864927058573812246E+00
    0.34173471049871295691E+00
    0.35875186312478035688E+00
    0.97464025195222347975E+00
    0.86732972471509128809E+00
    0.65975139255169779062E+00

 Box                  :    15.000000000000000     
 Npart                :          100
 Rho                  :    2.9629629629629631E-002

 Initial Energy Box   :   -8.5248835720402631     
 Initial dUdL         :    26.734559472668394     
 Initial Virial       :   -28.148551010279359     



 The Simulation Is Running.....


 Frac. Acc. Displ.    :   0.86713560000000001     

 Average Energy       :   -11.545571583608975     
 Average dUdL         :    31.002821034134850     
 Average Virial       :   -17.703283264968846     

 Energy               :   -12.181966811323736     
 Energy Sim.          :   -12.181966811323136     
 Diff                 :    6.0040861171728466E-013
 dUdL                 :  -0.67106090112879935     
 dUdL Sim.            :  -0.67106090113287720     
 Diff                 :    4.0778491694482000E-012
 Virial               :    25.092665441734077     
 Virial Sim.          :    25.092665441721500     
 Diff                 :    1.2576606422953773E-011

31.559u 0.019s 0:31.58 99.9%	0+0k 0+17120io 0pf+0w
